\BOOKMARK [0][-]{chapter.1}{\376\377\000S\000D\000E}{}% 1
\BOOKMARK [1][-]{section.1.1}{\376\377\226\217\147\072\122\006\147\220\127\372\170\100}{chapter.1}% 2
\BOOKMARK [2][-]{subsection.1.1.1}{\376\377\151\202\163\207\116\016\151\202\163\207\172\172\225\364}{section.1.1}% 3
\BOOKMARK [2][-]{subsection.1.1.2}{\376\377\116\011\171\315\145\066\145\133\140\047}{section.1.1}% 4
\BOOKMARK [2][-]{subsection.1.1.3}{\376\377\147\141\116\366\147\037\147\033}{section.1.1}% 5
\BOOKMARK [2][-]{subsection.1.1.4}{\376\377\000B\000r\000o\000w\000n\000i\000a\000n\000\040\000M\000o\000t\000i\000o\000n}{section.1.1}% 6
\BOOKMARK [1][-]{section.1.2}{\376\377\000I\000t\000o\171\357\122\006}{chapter.1}% 7
\BOOKMARK [2][-]{subsection.1.2.1}{\376\377\000I\000t\000o\171\357\122\006\166\204\136\372\172\313}{section.1.2}% 8
\BOOKMARK [2][-]{subsection.1.2.2}{\376\377\000I\000t\000o\171\357\122\006\166\204\140\047\215\050}{section.1.2}% 9
\BOOKMARK [1][-]{section.1.3}{\376\377\000I\000t\000o\121\154\137\017\124\214\227\205\210\150\171\072\133\232\164\006}{chapter.1}% 10
\BOOKMARK [2][-]{subsection.1.3.1}{\376\377\000I\000t\000o\121\154\137\017}{section.1.3}% 11
\BOOKMARK [2][-]{subsection.1.3.2}{\376\377\227\205\210\150\171\072\133\232\164\006}{section.1.3}% 12
\BOOKMARK [1][-]{section.1.4}{\376\377\000S\000D\000E}{chapter.1}% 13
\BOOKMARK [2][-]{subsection.1.4.1}{\376\377\000S\000D\000E\154\102\211\343}{section.1.4}% 14
\BOOKMARK [2][-]{subsection.1.4.2}{\376\377\211\343\166\204\133\130\127\050\125\057\116\000\140\047\133\232\164\006}{section.1.4}% 15
\BOOKMARK [2][-]{subsection.1.4.3}{\376\377\137\072\211\343\116\016\137\061\211\343}{section.1.4}% 16
\BOOKMARK [1][-]{section.1.5}{\376\377\142\151\145\143\217\307\172\013}{chapter.1}% 17
\BOOKMARK [2][-]{subsection.1.5.1}{\376\377\000I\000t\000o\142\151\145\143\116\016\000M\000a\000r\000k\000o\000v\140\047\215\050}{section.1.5}% 18
\BOOKMARK [2][-]{subsection.1.5.2}{\376\377\137\072\000M\000a\000r\000k\000o\000v\140\047\215\050}{section.1.5}% 19
\BOOKMARK [2][-]{subsection.1.5.3}{\376\377\145\340\172\167\134\017\165\037\142\020\121\103}{section.1.5}% 20
\BOOKMARK [2][-]{subsection.1.5.4}{\376\377\000D\000y\000n\000k\000i\000n\121\154\137\017}{section.1.5}% 21
\BOOKMARK [2][-]{subsection.1.5.5}{\376\377\162\171\137\201\173\227\133\120}{section.1.5}% 22
\BOOKMARK [2][-]{subsection.1.5.6}{\376\377\000K\000o\000l\000m\000o\000g\000o\000r\000o\000v\124\021\124\016\145\271\172\013}{section.1.5}% 23
\BOOKMARK [2][-]{subsection.1.5.7}{\376\377\123\112\177\244\116\016\230\204\211\343\137\017}{section.1.5}% 24
\BOOKMARK [2][-]{subsection.1.5.8}{\376\377\000F\000e\000y\000n\000m\000a\000n\000n\000-\000K\000a\000c\121\154\137\017}{section.1.5}% 25
\BOOKMARK [2][-]{subsection.1.5.9}{\376\377\227\205\225\356\230\230}{section.1.5}% 26
\BOOKMARK [2][-]{subsection.1.5.10}{\376\377\000I\000t\000o\217\307\172\013\117\125\145\366\146\057\000I\000t\000o\142\151\145\143}{section.1.5}% 27
\BOOKMARK [2][-]{subsection.1.5.11}{\376\377\226\217\147\072\145\366\123\330}{section.1.5}% 28
\BOOKMARK [2][-]{subsection.1.5.12}{\376\377\000G\000i\000r\000s\000o\000n\000o\000v\133\232\164\006}{section.1.5}% 29
\BOOKMARK [1][-]{section.1.6}{\376\377\217\271\165\114\120\074\225\356\230\230}{chapter.1}% 30
\BOOKMARK [2][-]{subsection.1.6.1}{\376\377\176\304\124\010\000D\000i\000r\000i\000c\000h\000l\000e\000t\000-\000P\000o\000i\000s\000s\000o\000n\225\356\230\230\211\343\166\204\125\057\116\000\140\047}{section.1.6}% 31
\BOOKMARK [2][-]{subsection.1.6.2}{\376\377\000D\000i\000r\000i\000c\000h\000l\000e\000t\225\356\230\230}{section.1.6}% 32
\BOOKMARK [2][-]{subsection.1.6.3}{\376\377\000P\000i\000o\000s\000s\000o\000n\225\356\230\230}{section.1.6}% 33
\BOOKMARK [2][-]{subsection.1.6.4}{\376\377\000G\000r\000e\000e\000n\155\113\136\246}{section.1.6}% 34
\BOOKMARK [1][-]{section.1.7}{\376\377\147\000\117\030\120\134\145\366\145\271\227\142\166\204\136\224\165\050}{chapter.1}% 35
\BOOKMARK [2][-]{subsection.1.7.1}{\376\377\145\366\237\120\140\305\137\142}{section.1.7}% 36
\BOOKMARK [2][-]{subsection.1.7.2}{\376\377\227\136\145\366\237\120\140\305\137\142}{section.1.7}% 37
\BOOKMARK [2][-]{subsection.1.7.3}{\376\377\136\046\171\357\122\006\230\171\140\305\137\142}{section.1.7}% 38
\BOOKMARK [1][-]{section.1.8}{\376\377\226\217\147\072\143\247\122\066\145\271\227\142\166\204\136\224\165\050}{chapter.1}% 39
\BOOKMARK [1][-]{section.1.9}{\376\377\116\000\116\233}{chapter.1}% 40
\BOOKMARK [0][-]{chapter.2}{\376\377\000M\000O\000M}{}% 41
\BOOKMARK [1][-]{section.2.1}{\376\377\000S\000o\000m\000e\000\040\000C\000o\000n\000v\000e\000x\000\040\000A\000n\000a\000l\000y\000s\000i\000s}{chapter.2}% 42
\BOOKMARK [1][-]{section.2.2}{\376\377\000U\000n\000c\000o\000n\000s\000t\000r\000a\000i\000n\000e\000d\000\040\000O\000p\000t\000i\000m\000i\000z\000a\000t\000i\000o\000n}{chapter.2}% 43
\BOOKMARK [2][-]{subsection.2.2.1}{\376\377\000R\000e\000c\000o\000g\000n\000i\000z\000i\000n\000g\000\040\000a\000\040\000l\000o\000c\000a\000l\000\040\000m\000i\000n\000i\000m\000u\000m}{section.2.2}% 44
\BOOKMARK [2][-]{subsection.2.2.2}{\376\377\000T\000w\000o\000\040\000s\000t\000r\000a\000t\000e\000g\000i\000e\000s\000:\000\040\000L\000i\000n\000e\000\040\000S\000e\000a\000r\000c\000h\000\040\000a\000n\000d\000\040\000T\000r\000u\000s\000t\000\040\000R\000e\000g\000i\000o\000n}{section.2.2}% 45
\BOOKMARK [3][-]{subsubsection.2.2.2.1}{\376\377\000L\000i\000n\000e\000\040\000s\000e\000a\000r\000c\000h\000\040\000s\000t\000r\000a\000t\000e\000g\000y}{subsection.2.2.2}% 46
\BOOKMARK [3][-]{subsubsection.2.2.2.2}{\376\377\000T\000r\000u\000s\000t\000\040\000r\000e\000g\000i\000o\000n\000\040\000s\000t\000r\000a\000t\000e\000g\000y}{subsection.2.2.2}% 47
\BOOKMARK [1][-]{section.2.3}{\376\377\000L\000i\000n\000e\000\040\000S\000e\000a\000r\000c\000h\000\040\000M\000e\000t\000h\000o\000d\000s}{chapter.2}% 48
\BOOKMARK [2][-]{subsection.2.3.1}{\376\377\000C\000o\000n\000v\000e\000r\000g\000e\000n\000c\000e\000\040\000o\000f\000\040\000L\000i\000n\000e\000\040\000S\000e\000a\000r\000c\000h\000\040\000M\000e\000t\000h\000o\000d\000s}{section.2.3}% 49
\BOOKMARK [2][-]{subsection.2.3.2}{\376\377\000C\000o\000n\000v\000e\000r\000g\000e\000n\000c\000e\000\040\000R\000a\000t\000e\000\040\000o\000f\000\040\000L\000i\000n\000e\000\040\000S\000e\000a\000r\000c\000h\000\040\000M\000e\000t\000h\000o\000d\000s}{section.2.3}% 50
\BOOKMARK [1][-]{section.2.4}{\376\377\000T\000r\000u\000s\000t\000\040\000R\000e\000g\000i\000o\000n\000\040\000M\000e\000t\000h\000o\000d}{chapter.2}% 51
\BOOKMARK [2][-]{subsection.2.4.1}{\376\377\000C\000a\000u\000c\000h\000y\000\040\000P\000o\000i\000n\000t}{section.2.4}% 52
\BOOKMARK [2][-]{subsection.2.4.2}{\376\377\000T\000h\000e\000\040\000D\000o\000g\000l\000e\000g\000\040\000M\000e\000t\000h\000o\000d}{section.2.4}% 53
\BOOKMARK [2][-]{subsection.2.4.3}{\376\377\000T\000h\000e\000\040\000S\000u\000b\000s\000p\000a\000c\000e\000\040\000M\000i\000n\000i\000m\000i\000z\000a\000t\000i\000o\000n\000\040\000M\000e\000t\000h\000o\000d}{section.2.4}% 54
\BOOKMARK [2][-]{subsection.2.4.4}{\376\377\000C\000o\000n\000v\000e\000r\000g\000e\000n\000c\000e\000\040\000T\000h\000e\000o\000r\000e\000m}{section.2.4}% 55
\BOOKMARK [1][-]{section.2.5}{\376\377\000C\000o\000n\000j\000u\000g\000a\000t\000e\000\040\000G\000r\000a\000d\000i\000e\000n\000t\000\040\000M\000e\000t\000h\000o\000d}{chapter.2}% 56
\BOOKMARK [2][-]{subsection.2.5.1}{\376\377\000L\000i\000n\000e\000a\000r\000\040\000c\000a\000s\000e}{section.2.5}% 57
\BOOKMARK [3][-]{subsubsection.2.5.1.1}{\376\377\000C\000o\000n\000j\000u\000g\000a\000t\000e\000\040\000d\000i\000r\000e\000c\000t\000i\000o\000n\000\040\000m\000e\000t\000h\000o\000d}{subsection.2.5.1}% 58
\BOOKMARK [3][-]{subsubsection.2.5.1.2}{\376\377\000C\000o\000n\000j\000u\000g\000a\000t\000e\000\040\000g\000r\000a\000d\000i\000e\000n\000t\000\040\000m\000e\000t\000h\000o\000d}{subsection.2.5.1}% 59
\BOOKMARK [2][-]{subsection.2.5.2}{\376\377\000N\000o\000n\000l\000i\000n\000e\000a\000r\000\040\000c\000a\000s\000e}{section.2.5}% 60
\BOOKMARK [1][-]{section.2.6}{\376\377\000S\000e\000m\000i\000s\000m\000o\000o\000t\000h\000\040\000N\000e\000w\000t\000o\000n\000'\000s\000\040\000M\000e\000t\000h\000o\000d}{chapter.2}% 61
\BOOKMARK [2][-]{subsection.2.6.1}{\376\377\000S\000e\000m\000i\000s\000m\000o\000o\000t\000h\000n\000e\000s\000s}{section.2.6}% 62
\BOOKMARK [2][-]{subsection.2.6.2}{\376\377\000S\000e\000m\000i\000s\000m\000o\000o\000t\000h\000\040\000N\000e\000w\000t\000o\000n\000'\000s\000\040\000m\000e\000t\000h\000o\000d}{section.2.6}% 63
\BOOKMARK [2][-]{subsection.2.6.3}{\376\377\000S\000V\000M}{section.2.6}% 64
\BOOKMARK [3][-]{subsubsection.2.6.3.1}{\376\377\000S\000V\000C}{subsection.2.6.3}% 65
\BOOKMARK [3][-]{subsubsection.2.6.3.2}{\376\377\000S\000V\000R}{subsection.2.6.3}% 66
\BOOKMARK [2][-]{subsection.2.6.4}{\376\377\000S\000e\000m\000i\000s\000m\000o\000o\000t\000h\000\040\000N\000e\000w\000t\000o\000n\000'\000s\000\040\000M\000e\000t\000h\000o\000d\000\040\000f\000o\000r\000\040\000S\000V\000M}{section.2.6}% 67
\BOOKMARK [2][-]{subsection.2.6.5}{\376\377\000E\000x\000p\000l\000o\000r\000i\000n\000g\000\040\000S\000p\000a\000r\000i\000t\000y}{section.2.6}% 68
\BOOKMARK [1][-]{section.2.7}{\376\377\000T\000h\000e\000o\000r\000y\000\040\000o\000f\000\040\000C\000o\000n\000s\000t\000r\000a\000i\000n\000e\000d\000\040\000O\000p\000t\000i\000m\000i\000z\000a\000t\000i\000o\000n}{chapter.2}% 69
\BOOKMARK [2][-]{subsection.2.7.1}{\376\377\000F\000i\000r\000s\000t\000-\000O\000r\000d\000e\000r\000\040\000O\000p\000t\000i\000m\000a\000l\000i\000t\000y\000\040\000C\000o\000n\000d\000i\000t\000i\000o\000n\000s}{section.2.7}% 70
\BOOKMARK [2][-]{subsection.2.7.2}{\376\377\000S\000e\000c\000o\000n\000d\000\040\000O\000r\000d\000e\000r\000\040\000N\000e\000c\000e\000s\000s\000a\000r\000y\000\040\000C\000o\000n\000d\000i\000t\000i\000o\000n}{section.2.7}% 71
\BOOKMARK [2][-]{subsection.2.7.3}{\376\377\000S\000e\000c\000o\000n\000d\000\040\000O\000r\000d\000e\000r\000\040\000S\000u\000f\000f\000i\000c\000i\000e\000n\000t\000\040\000C\000o\000n\000d\000i\000t\000i\000o\000n}{section.2.7}% 72
\BOOKMARK [2][-]{subsection.2.7.4}{\376\377\000D\000u\000a\000l\000i\000t\000y}{section.2.7}% 73
\BOOKMARK [1][-]{section.2.8}{\376\377\000F\000u\000r\000t\000h\000e\000r\000\040\000D\000i\000s\000c\000u\000s\000s\000i\000o\000n\000s\000\040\000o\000n\000\040\000C\000o\000n\000s\000t\000r\000a\000i\000n\000e\000d\000\040\000O\000p\000t\000i\000m\000i\000z\000a\000t\000i\000o\000n}{chapter.2}% 74
\BOOKMARK [1][-]{section.2.9}{\376\377\000P\000e\000n\000a\000l\000t\000y\000\040\000a\000n\000d\000\040\000A\000u\000g\000m\000e\000n\000t\000e\000d\000\040\000L\000a\000g\000r\000a\000n\000g\000i\000a\000n\000\040\000M\000e\000t\000h\000o\000d\000s}{chapter.2}% 75
\BOOKMARK [2][-]{subsection.2.9.1}{\376\377\000Q\000u\000a\000d\000r\000a\000t\000i\000c\000\040\000P\000e\000n\000a\000l\000t\000y\000\040\000M\000e\000t\000h\000o\000d}{section.2.9}% 76
\BOOKMARK [2][-]{subsection.2.9.2}{\376\377\000E\000x\000a\000c\000t\000\040\000P\000e\000n\000a\000l\000t\000y\000\040\000F\000u\000n\000c\000t\000i\000o\000n}{section.2.9}% 77
\BOOKMARK [2][-]{subsection.2.9.3}{\376\377\000A\000u\000g\000m\000e\000n\000t\000e\000d\000\040\000L\000a\000g\000r\000a\000n\000g\000i\000a\000n\000\040\000M\000e\000t\000h\000o\000d}{section.2.9}% 78
\BOOKMARK [2][-]{subsection.2.9.4}{\376\377\000Q\000P\000M\000\040\000f\000o\000r\000\040\000H\000M\000,\000\040\000A\000L\000M\000\040\000f\000o\000r\000\040\000S\000V\000M}{section.2.9}% 79
\BOOKMARK [0][-]{chapter.3}{\376\377\000C\000T}{}% 80
\BOOKMARK [1][-]{section.3.1}{\376\377\147\011\165\114\173\227\133\120}{chapter.3}% 81
\BOOKMARK [2][-]{subsection.3.1.1}{\376\377\000R\000i\000e\000s\000z\210\150\171\072\133\232\164\006}{section.3.1}% 82
\BOOKMARK [2][-]{subsection.3.1.2}{\376\377\121\161\217\155\173\227\133\120}{section.3.1}% 83
\BOOKMARK [2][-]{subsection.3.1.3}{\376\377\201\352\117\064\173\227\133\120}{section.3.1}% 84
\BOOKMARK [1][-]{section.3.2}{\376\377\145\340\165\114\173\227\133\120}{chapter.3}% 85
\BOOKMARK [2][-]{subsection.3.2.1}{\376\377\225\355\173\227\133\120}{section.3.2}% 86
\BOOKMARK [2][-]{subsection.3.2.2}{\376\377\121\161\217\155\173\227\133\120}{section.3.2}% 87
\BOOKMARK [2][-]{subsection.3.2.3}{\376\377\133\371\171\360\173\227\133\120\116\016\201\352\117\064\173\227\133\120}{section.3.2}% 88
\BOOKMARK [1][-]{section.3.3}{\376\377\000T\000E\000X\000T\135\114\121\145}{chapter.3}% 89
\BOOKMARK [2][-]{subsection.3.3.1}{\376\377\133\371\120\166\172\172\225\364}{section.3.3}% 90
\BOOKMARK [2][-]{subsection.3.3.2}{\376\377\000T\000E\000X\000T\172\172\225\364}{section.3.3}% 91
\BOOKMARK [1][-]{section.3.4}{\376\377\153\143\173\227\133\120}{chapter.3}% 92
\BOOKMARK [1][-]{section.3.5}{\376\377\121\340\116\052\136\070\165\050\173\227\133\120}{chapter.3}% 93
\BOOKMARK [2][-]{subsection.3.5.1}{\376\377\000S\000t\000u\000r\000m\000-\000L\000i\000o\000u\000v\000i\000l\000l\000e\173\227\133\120}{section.3.5}% 94
\BOOKMARK [2][-]{subsection.3.5.2}{\376\377\200\027\145\143\173\227\133\120}{section.3.5}% 95
\BOOKMARK [2][-]{subsection.3.5.3}{\376\377\123\315\201\352\117\064\173\227\133\120}{section.3.5}% 96
\BOOKMARK [2][-]{subsection.3.5.4}{\376\377\116\214\226\066\123\314\146\362\145\340\172\167\176\364\174\373\176\337}{section.3.5}% 97
\BOOKMARK [2][-]{subsection.3.5.5}{\376\377\123\112\177\244\164\006\213\272}{section.3.5}% 98
\BOOKMARK [1][-]{section.3.6}{\376\377\145\271\172\013\166\204\211\343}{chapter.3}% 99
\BOOKMARK [2][-]{subsection.3.6.1}{\376\377\227\136\237\120\153\041\145\271\172\013\166\204\211\343}{section.3.6}% 100
\BOOKMARK [2][-]{subsection.3.6.2}{\376\377\211\343\166\204\210\150\217\276\137\017}{section.3.6}% 101
\BOOKMARK [1][-]{section.3.7}{\376\377\174\373\176\337\166\204\172\063\133\232\140\047}{chapter.3}% 102
\BOOKMARK [2][-]{subsection.3.7.1}{\376\377\172\063\133\232\140\047\166\204\127\372\147\054\151\202\137\365}{section.3.7}% 103
\BOOKMARK [1][-]{section.3.8}{\376\377\201\352\154\273\174\373\176\337\166\204\172\063\133\232\140\047}{chapter.3}% 104
\BOOKMARK [0][-]{chapter.4}{\376\377\000F\000E\000M}{}% 105
\BOOKMARK [1][-]{section.4.1}{\376\377\000S\000o\000b\000o\000l\000e\000v\172\172\225\364\116\016\151\055\127\006\145\271\172\013\164\006\213\272}{chapter.4}% 106
\BOOKMARK [2][-]{subsection.4.1.1}{\376\377\000S\000o\000b\000o\000l\000e\000v\172\172\225\364}{section.4.1}% 107
\BOOKMARK [2][-]{subsection.4.1.2}{\376\377\135\114\121\145\133\232\164\006\124\214\217\371\133\232\164\006}{section.4.1}% 108
\BOOKMARK [2][-]{subsection.4.1.3}{\376\377\123\330\122\006\123\237\164\006}{section.4.1}% 109
\BOOKMARK [2][-]{subsection.4.1.4}{\376\377\142\275\214\141\123\330\122\006\123\237\164\006}{section.4.1}% 110
\BOOKMARK [1][-]{section.4.2}{\376\377\147\011\226\120\121\103\116\016\147\011\226\120\121\103\172\172\225\364}{chapter.4}% 111
\BOOKMARK [2][-]{subsection.4.2.1}{\376\377\147\011\226\120\121\103\172\172\225\364\133\232\116\111}{section.4.2}% 112
\BOOKMARK [2][-]{subsection.4.2.2}{\376\377\123\117\214\003\147\011\226\120\121\103\172\172\225\364}{section.4.2}% 113
\BOOKMARK [3][-]{subsubsection.4.2.2.1}{\376\377\000L\000a\000g\000r\000a\000n\000g\000e\121\103}{subsection.4.2.2}% 114
\BOOKMARK [3][-]{subsubsection.4.2.2.2}{\376\377\000H\000e\000r\000m\000i\000t\000e\121\103}{subsection.4.2.2}% 115
\BOOKMARK [3][-]{subsubsection.4.2.2.3}{\376\377\000A\000r\000y\000g\000r\000i\000s\121\103}{subsection.4.2.2}% 116
\BOOKMARK [3][-]{subsubsection.4.2.2.4}{\376\377\137\040\221\317\171\357\121\103}{subsection.4.2.2}% 117
\BOOKMARK [3][-]{subsubsection.4.2.2.5}{\376\377\116\015\133\214\121\150\123\314\116\214\153\041\121\103\377\010\131\107\131\231\145\317\000k\000\040\000=\000\040\0002\377\011}{subsection.4.2.2}% 118
\BOOKMARK [2][-]{subsection.4.2.3}{\376\377\147\011\226\120\121\103\173\111\116\367}{section.4.2}% 119
\BOOKMARK [1][-]{section.4.3}{\376\377\131\032\230\171\137\017\220\074\217\321\164\006\213\272}{chapter.4}% 120
\BOOKMARK [2][-]{subsection.4.3.1}{\376\377\000B\000r\000a\000m\000b\000l\000e\000-\000H\000i\000l\000b\000e\000r\000t\137\025\164\006}{section.4.3}% 121
\BOOKMARK [2][-]{subsection.4.3.2}{\376\377\123\330\143\142\117\060\213\241}{section.4.3}% 122
\BOOKMARK [2][-]{subsection.4.3.3}{\376\377\143\322\120\074\213\357\135\356\117\060\213\241}{section.4.3}% 123
\BOOKMARK [3][-]{subsubsection.4.3.3.1}{\376\377\000S\000c\000o\000t\000t\000-\000Z\000h\000a\000n\000g\143\322\120\074}{subsection.4.3.3}% 124
\BOOKMARK [2][-]{subsection.4.3.4}{\376\377\123\330\122\006\225\356\230\230\166\204\147\011\226\120\121\103\145\271\154\325\116\016\213\357\135\356\117\060\213\241}{section.4.3}% 125
\BOOKMARK [3][-]{subsubsection.4.3.4.1}{\376\377\000P\000o\000i\000s\000s\000o\000n\225\356\230\230\147\011\226\120\121\103\217\321\117\074}{subsection.4.3.4}% 126
\BOOKMARK [3][-]{subsubsection.4.3.4.2}{\376\377\116\000\202\054\116\214\226\066\151\055\127\006\145\271\172\013}{subsection.4.3.4}% 127
\BOOKMARK [1][-]{section.4.4}{\376\377\227\136\123\117\214\003\147\011\226\120\121\103\145\271\154\325}{chapter.4}% 128
\BOOKMARK [2][-]{subsection.4.4.1}{\376\377\227\136\123\117\214\003\147\011\226\120\121\103\172\172\225\364}{section.4.4}% 129
\BOOKMARK [3][-]{subsubsection.4.4.1.1}{\376\377\000C\000R\121\103}{subsection.4.4.1}% 130
\BOOKMARK [3][-]{subsubsection.4.4.1.2}{\376\377\145\313\217\154\000T\000E\000X\000T\121\103}{subsection.4.4.1}% 131
\BOOKMARK [3][-]{subsubsection.4.4.1.3}{\376\377\000W\000i\000l\000s\000o\000n\121\103}{subsection.4.4.1}% 132
\BOOKMARK [3][-]{subsubsection.4.4.1.4}{\376\377\000M\000o\000r\000l\000e\000y\121\103}{subsection.4.4.1}% 133
\BOOKMARK [2][-]{subsection.4.4.2}{\376\377\227\136\123\117\214\003\121\103\213\357\135\356\117\060\213\241}{section.4.4}% 134
\BOOKMARK [3][-]{subsubsection.4.4.2.1}{\376\377\000C\000R\121\103\213\357\135\356\117\060\213\241}{subsection.4.4.2}% 135
\BOOKMARK [3][-]{subsubsection.4.4.2.2}{\376\377\000M\000o\000r\000l\000e\000y\121\103\213\357\135\356\117\060\213\241}{subsection.4.4.2}% 136
\BOOKMARK [1][-]{section.4.5}{\376\377\155\367\124\010\147\011\226\120\121\103\145\271\154\325}{chapter.4}% 137
\BOOKMARK [2][-]{subsection.4.5.1}{\376\377\155\367\124\010\123\330\122\006\137\142\137\017}{section.4.5}% 138
\BOOKMARK [2][-]{subsection.4.5.2}{\376\377\155\367\124\010\147\011\226\120\121\103\145\271\154\325}{section.4.5}% 139
\BOOKMARK [3][-]{subsubsection.4.5.2.1}{\376\377\000B\000a\000b\000u\001\141\000k\000a\164\006\213\272}{subsection.4.5.2}% 140
\BOOKMARK [3][-]{subsubsection.4.5.2.2}{\376\377\000B\000r\000e\000z\000z\000i\164\006\213\272}{subsection.4.5.2}% 141
\BOOKMARK [1][-]{section.4.6}{\376\377\124\016\232\214\213\357\135\356\117\060\213\241}{chapter.4}% 142
\BOOKMARK [1][-]{section.4.7}{\376\377\116\000\116\233}{chapter.4}% 143
\BOOKMARK [0][-]{chapter.5}{\376\377\000F\000A}{}% 144
\BOOKMARK [1][-]{section.5.1}{\376\377\142\323\142\121\176\277\140\047\172\172\225\364}{chapter.5}% 145
\BOOKMARK [2][-]{subsection.5.1.1}{\376\377\000T\000o\000p\000o\000l\000o\000g\000y\000\040\000o\000f\000\040\000T\000L\000S}{section.5.1}% 146
\BOOKMARK [2][-]{subsection.5.1.2}{\376\377\134\100\220\350\121\370\172\172\225\364}{section.5.1}% 147
\BOOKMARK [1][-]{section.5.2}{\376\377\214\061\155\113\136\246\116\016\214\061\122\006\211\343}{chapter.5}% 148
\BOOKMARK [2][-]{subsection.5.2.1}{\376\377\214\061\155\113\136\246\116\016\214\061\171\357\122\006}{section.5.2}% 149
\BOOKMARK [3][-]{subsubsection.5.2.1.1}{\376\377\214\061\155\113\136\246}{subsection.5.2.1}% 150
\BOOKMARK [3][-]{subsubsection.5.2.1.2}{\376\377\214\061\171\357\122\006}{subsection.5.2.1}% 151
\BOOKMARK [2][-]{subsection.5.2.2}{\376\377\214\061\174\373}{section.5.2}% 152
\BOOKMARK [2][-]{subsection.5.2.3}{\376\377\147\011\165\114\201\352\117\064\173\227\133\120\214\061\122\006\211\343}{section.5.2}% 153
\BOOKMARK [1][-]{section.5.3}{\376\377\136\177\116\111\121\375\145\160}{chapter.5}% 154
\BOOKMARK [2][-]{subsection.5.3.1}{\376\377\127\372\147\054\121\375\145\160\172\172\225\364}{section.5.3}% 155
\BOOKMARK [2][-]{subsection.5.3.2}{\376\377\136\177\116\111\121\375\145\160\123\312\121\166\217\320\173\227}{section.5.3}% 156
